  sample.cpp
c:\users\omiz\desktop\finalhw2\sample\samplefreeglut\sample.cpp(491): warning C4244: 'argument' : conversion from 'int' to 'GLfloat', possible loss of data
c:\users\omiz\desktop\finalhw2\sample\samplefreeglut\sample.cpp(499): warning C4244: 'argument' : conversion from 'int' to 'GLfloat', possible loss of data
c:\users\omiz\desktop\finalhw2\sample\samplefreeglut\sample.cpp(507): warning C4244: 'argument' : conversion from 'int' to 'GLfloat', possible loss of data
c:\users\omiz\desktop\finalhw2\sample\samplefreeglut\sample.cpp(517): warning C4244: 'argument' : conversion from 'int' to 'GLfloat', possible loss of data
c:\users\omiz\desktop\finalhw2\sample\samplefreeglut\sample.cpp(526): warning C4244: 'argument' : conversion from 'int' to 'GLfloat', possible loss of data
c:\users\omiz\desktop\finalhw2\sample\samplefreeglut\sample.cpp(534): warning C4244: 'argument' : conversion from 'int' to 'GLfloat', possible loss of data
c:\users\omiz\desktop\finalhw2\sample\samplefreeglut\sample.cpp(543): warning C4244: 'argument' : conversion from 'int' to 'GLfloat', possible loss of data
c:\users\omiz\desktop\finalhw2\sample\samplefreeglut\sample.cpp(552): warning C4244: 'argument' : conversion from 'int' to 'GLfloat', possible loss of data
c:\users\omiz\desktop\finalhw2\sample\samplefreeglut\sample.cpp(561): warning C4244: 'argument' : conversion from 'int' to 'GLfloat', possible loss of data
c:\users\omiz\desktop\finalhw2\sample\samplefreeglut\sample.cpp(570): warning C4244: 'argument' : conversion from 'int' to 'GLfloat', possible loss of data
c:\users\omiz\desktop\finalhw2\sample\samplefreeglut\sample.cpp(579): warning C4244: 'argument' : conversion from 'int' to 'GLfloat', possible loss of data
c:\users\omiz\desktop\finalhw2\sample\samplefreeglut\sample.cpp(587): warning C4305: 'argument' : truncation from 'double' to 'GLfloat'
c:\users\omiz\desktop\finalhw2\sample\samplefreeglut\sample.cpp(588): warning C4244: 'argument' : conversion from 'int' to 'GLfloat', possible loss of data
c:\users\omiz\desktop\finalhw2\sample\samplefreeglut\sample.cpp(944): warning C4305: 'argument' : truncation from 'double' to 'GLfloat'
c:\users\omiz\desktop\finalhw2\sample\samplefreeglut\sample.cpp(946): warning C4305: 'argument' : truncation from 'double' to 'GLfloat'
c:\users\omiz\desktop\finalhw2\sample\samplefreeglut\sample.cpp(948): warning C4305: 'argument' : truncation from 'double' to 'GLfloat'
c:\users\omiz\desktop\finalhw2\sample\samplefreeglut\sample.cpp(950): warning C4305: 'argument' : truncation from 'double' to 'GLfloat'
c:\users\omiz\desktop\finalhw2\sample\samplefreeglut\sample.cpp(960): warning C4305: 'argument' : truncation from 'double' to 'GLfloat'
c:\users\omiz\desktop\finalhw2\sample\samplefreeglut\sample.cpp(962): warning C4305: 'argument' : truncation from 'double' to 'GLfloat'
c:\users\omiz\desktop\finalhw2\sample\samplefreeglut\sample.cpp(964): warning C4305: 'argument' : truncation from 'double' to 'GLfloat'
c:\users\omiz\desktop\finalhw2\sample\samplefreeglut\sample.cpp(966): warning C4305: 'argument' : truncation from 'double' to 'GLfloat'
sample.obj : warning LNK4075: ignoring '/EDITANDCONTINUE' due to '/OPT:LBR' specification
  Sample.vcxproj -> C:\Users\OmiZ\Desktop\finalhw2\Sample\SampleFreeGlut\.\Debug\Sample.exe
