  Sample.cpp
c:\users\omiz\desktop\finalfinal4\hw4finalcopy\sample\sample.cpp(50): warning C4305: 'initializing': truncation from 'double' to 'float'
c:\users\omiz\desktop\finalfinal4\hw4finalcopy\sample\sample.cpp(75): warning C4305: 'initializing': truncation from 'double' to 'float'
c:\users\omiz\desktop\finalfinal4\hw4finalcopy\sample\sample.cpp(76): warning C4305: 'initializing': truncation from 'double' to 'float'
c:\users\omiz\desktop\finalfinal4\hw4finalcopy\sample\sample.cpp(77): warning C4305: 'initializing': truncation from 'double' to 'float'
c:\users\omiz\desktop\finalfinal4\hw4finalcopy\sample\sample.cpp(78): warning C4305: 'initializing': truncation from 'double' to 'float'
c:\users\omiz\desktop\finalfinal4\hw4finalcopy\sample\sample.cpp(79): warning C4305: 'initializing': truncation from 'double' to 'float'
c:\users\omiz\desktop\finalfinal4\hw4finalcopy\sample\sample.cpp(406): warning C4244: 'initializing': conversion from 'double' to 'float', possible loss of data
c:\users\omiz\desktop\finalfinal4\hw4finalcopy\sample\sample.cpp(407): warning C4244: 'initializing': conversion from 'double' to 'float', possible loss of data
c:\users\omiz\desktop\finalfinal4\hw4finalcopy\sample\sample.cpp(408): warning C4244: 'initializing': conversion from 'double' to 'float', possible loss of data
c:\users\omiz\desktop\finalfinal4\hw4finalcopy\sample\sample.cpp(411): warning C4244: 'initializing': conversion from 'double' to 'float', possible loss of data
c:\users\omiz\desktop\finalfinal4\hw4finalcopy\sample\sample.cpp(412): warning C4244: 'initializing': conversion from 'double' to 'float', possible loss of data
c:\users\omiz\desktop\finalfinal4\hw4finalcopy\sample\sample.cpp(413): warning C4244: 'initializing': conversion from 'double' to 'float', possible loss of data
c:\users\omiz\desktop\finalfinal4\hw4finalcopy\sample\sample.cpp(423): warning C4244: '=': conversion from 'double' to 'float', possible loss of data
c:\users\omiz\desktop\finalfinal4\hw4finalcopy\sample\sample.cpp(424): warning C4244: '=': conversion from 'double' to 'float', possible loss of data
c:\users\omiz\desktop\finalfinal4\hw4finalcopy\sample\sample.cpp(428): warning C4244: '=': conversion from 'double' to 'float', possible loss of data
c:\users\omiz\desktop\finalfinal4\hw4finalcopy\sample\sample.cpp(429): warning C4244: '=': conversion from 'double' to 'float', possible loss of data
c:\users\omiz\desktop\finalfinal4\hw4finalcopy\sample\sample.cpp(1045): warning C4244: 'argument': conversion from 'double' to 'GLfloat', possible loss of data
c:\users\omiz\desktop\finalfinal4\hw4finalcopy\sample\sample.cpp(1047): warning C4305: 'argument': truncation from 'double' to 'float'
c:\users\omiz\desktop\finalfinal4\hw4finalcopy\sample\sample.cpp(1052): warning C4244: 'argument': conversion from 'double' to 'GLfloat', possible loss of data
c:\users\omiz\desktop\finalfinal4\hw4finalcopy\sample\sample.cpp(1054): warning C4305: 'argument': truncation from 'double' to 'float'
c:\users\omiz\desktop\finalfinal4\hw4finalcopy\sample\sample.cpp(1060): warning C4244: 'argument': conversion from 'double' to 'GLfloat', possible loss of data
c:\users\omiz\desktop\finalfinal4\hw4finalcopy\sample\sample.cpp(1062): warning C4305: 'argument': truncation from 'double' to 'float'
c:\users\omiz\desktop\finalfinal4\hw4finalcopy\sample\sample.cpp(1068): warning C4244: 'argument': conversion from 'double' to 'GLfloat', possible loss of data
c:\users\omiz\desktop\finalfinal4\hw4finalcopy\sample\sample.cpp(1070): warning C4305: 'argument': truncation from 'double' to 'float'
c:\users\omiz\desktop\finalfinal4\hw4finalcopy\sample\sample.cpp(1076): warning C4244: 'argument': conversion from 'double' to 'GLfloat', possible loss of data
c:\users\omiz\desktop\finalfinal4\hw4finalcopy\sample\sample.cpp(1077): warning C4305: 'argument': truncation from 'double' to 'float'
c:\users\omiz\desktop\finalfinal4\hw4finalcopy\sample\sample.cpp(1078): warning C4305: 'argument': truncation from 'double' to 'float'
c:\users\omiz\desktop\finalfinal4\hw4finalcopy\sample\sample.cpp(1083): warning C4244: 'argument': conversion from 'double' to 'GLfloat', possible loss of data
c:\users\omiz\desktop\finalfinal4\hw4finalcopy\sample\sample.cpp(1084): warning C4305: 'argument': truncation from 'double' to 'float'
c:\users\omiz\desktop\finalfinal4\hw4finalcopy\sample\sample.cpp(1085): warning C4305: 'argument': truncation from 'double' to 'float'
c:\users\omiz\desktop\finalfinal4\hw4finalcopy\sample\sample.cpp(1090): warning C4244: 'argument': conversion from 'double' to 'GLfloat', possible loss of data
c:\users\omiz\desktop\finalfinal4\hw4finalcopy\sample\sample.cpp(1091): warning C4305: 'argument': truncation from 'double' to 'float'
c:\users\omiz\desktop\finalfinal4\hw4finalcopy\sample\sample.cpp(1092): warning C4305: 'argument': truncation from 'double' to 'float'
c:\users\omiz\desktop\finalfinal4\hw4finalcopy\sample\sample.cpp(1098): warning C4244: 'argument': conversion from 'double' to 'GLfloat', possible loss of data
c:\users\omiz\desktop\finalfinal4\hw4finalcopy\sample\sample.cpp(1099): warning C4305: 'argument': truncation from 'double' to 'float'
c:\users\omiz\desktop\finalfinal4\hw4finalcopy\sample\sample.cpp(1100): warning C4305: 'argument': truncation from 'double' to 'float'
c:\users\omiz\desktop\finalfinal4\hw4finalcopy\sample\sample.cpp(1106): warning C4244: 'argument': conversion from 'double' to 'GLfloat', possible loss of data
c:\users\omiz\desktop\finalfinal4\hw4finalcopy\sample\sample.cpp(1107): warning C4305: 'argument': truncation from 'double' to 'float'
c:\users\omiz\desktop\finalfinal4\hw4finalcopy\sample\sample.cpp(1108): warning C4305: 'argument': truncation from 'double' to 'float'
c:\users\omiz\desktop\finalfinal4\hw4finalcopy\sample\sample.cpp(1113): warning C4244: 'argument': conversion from 'double' to 'GLfloat', possible loss of data
c:\users\omiz\desktop\finalfinal4\hw4finalcopy\sample\sample.cpp(1114): warning C4305: 'argument': truncation from 'double' to 'float'
c:\users\omiz\desktop\finalfinal4\hw4finalcopy\sample\sample.cpp(1115): warning C4305: 'argument': truncation from 'double' to 'float'
c:\users\omiz\desktop\finalfinal4\hw4finalcopy\sample\sample.cpp(1121): warning C4244: 'argument': conversion from 'double' to 'GLfloat', possible loss of data
c:\users\omiz\desktop\finalfinal4\hw4finalcopy\sample\sample.cpp(1122): warning C4305: 'argument': truncation from 'double' to 'float'
c:\users\omiz\desktop\finalfinal4\hw4finalcopy\sample\sample.cpp(1123): warning C4305: 'argument': truncation from 'double' to 'float'
c:\users\omiz\desktop\finalfinal4\hw4finalcopy\sample\sample.cpp(1129): warning C4244: 'argument': conversion from 'double' to 'GLfloat', possible loss of data
c:\users\omiz\desktop\finalfinal4\hw4finalcopy\sample\sample.cpp(1130): warning C4305: 'argument': truncation from 'double' to 'float'
c:\users\omiz\desktop\finalfinal4\hw4finalcopy\sample\sample.cpp(1131): warning C4305: 'argument': truncation from 'double' to 'float'
c:\users\omiz\desktop\finalfinal4\hw4finalcopy\sample\sample.cpp(1139): warning C4305: 'argument': truncation from 'double' to 'float'
c:\users\omiz\desktop\finalfinal4\hw4finalcopy\sample\sample.cpp(1145): warning C4305: 'argument': truncation from 'double' to 'float'
c:\users\omiz\desktop\finalfinal4\hw4finalcopy\sample\sample.cpp(1146): warning C4305: 'argument': truncation from 'double' to 'float'
c:\users\omiz\desktop\finalfinal4\hw4finalcopy\sample\sample.cpp(1152): warning C4244: 'argument': conversion from 'double' to 'GLfloat', possible loss of data
c:\users\omiz\desktop\finalfinal4\hw4finalcopy\sample\sample.cpp(1154): warning C4305: 'argument': truncation from 'double' to 'float'
c:\users\omiz\desktop\finalfinal4\hw4finalcopy\sample\sample.cpp(1161): warning C4244: 'argument': conversion from 'double' to 'GLfloat', possible loss of data
c:\users\omiz\desktop\finalfinal4\hw4finalcopy\sample\sample.cpp(1163): warning C4305: 'argument': truncation from 'double' to 'float'
c:\users\omiz\desktop\finalfinal4\hw4finalcopy\sample\sample.cpp(1170): warning C4305: 'argument': truncation from 'double' to 'float'
c:\users\omiz\desktop\finalfinal4\hw4finalcopy\sample\sample.cpp(1178): warning C4305: 'argument': truncation from 'double' to 'float'
c:\users\omiz\desktop\finalfinal4\hw4finalcopy\sample\sample.cpp(1183): warning C4244: 'argument': conversion from 'double' to 'GLfloat', possible loss of data
c:\users\omiz\desktop\finalfinal4\hw4finalcopy\sample\sample.cpp(1185): warning C4305: 'argument': truncation from 'double' to 'float'
c:\users\omiz\desktop\finalfinal4\hw4finalcopy\sample\sample.cpp(1190): warning C4244: 'argument': conversion from 'double' to 'GLfloat', possible loss of data
c:\users\omiz\desktop\finalfinal4\hw4finalcopy\sample\sample.cpp(1191): warning C4305: 'argument': truncation from 'double' to 'float'
c:\users\omiz\desktop\finalfinal4\hw4finalcopy\sample\sample.cpp(1192): warning C4305: 'argument': truncation from 'double' to 'float'
c:\users\omiz\desktop\finalfinal4\hw4finalcopy\sample\sample.cpp(1198): warning C4244: 'argument': conversion from 'double' to 'GLfloat', possible loss of data
c:\users\omiz\desktop\finalfinal4\hw4finalcopy\sample\sample.cpp(1200): warning C4305: 'argument': truncation from 'double' to 'float'
c:\users\omiz\desktop\finalfinal4\hw4finalcopy\sample\sample.cpp(1207): warning C4244: 'argument': conversion from 'double' to 'GLfloat', possible loss of data
c:\users\omiz\desktop\finalfinal4\hw4finalcopy\sample\sample.cpp(1209): warning C4305: 'argument': truncation from 'double' to 'float'
c:\users\omiz\desktop\finalfinal4\hw4finalcopy\sample\sample.cpp(1215): warning C4244: 'argument': conversion from 'double' to 'GLfloat', possible loss of data
c:\users\omiz\desktop\finalfinal4\hw4finalcopy\sample\sample.cpp(1217): warning C4305: 'argument': truncation from 'double' to 'float'
c:\users\omiz\desktop\finalfinal4\hw4finalcopy\sample\sample.cpp(1224): warning C4305: 'argument': truncation from 'double' to 'float'
c:\users\omiz\desktop\finalfinal4\hw4finalcopy\sample\sample.cpp(1225): warning C4305: 'argument': truncation from 'double' to 'float'
c:\users\omiz\desktop\finalfinal4\hw4finalcopy\sample\sample.cpp(1231): warning C4305: 'argument': truncation from 'double' to 'float'
c:\users\omiz\desktop\finalfinal4\hw4finalcopy\sample\sample.cpp(1232): warning C4305: 'argument': truncation from 'double' to 'float'
c:\users\omiz\desktop\finalfinal4\hw4finalcopy\sample\sample.cpp(1239): warning C4305: 'argument': truncation from 'double' to 'float'
c:\users\omiz\desktop\finalfinal4\hw4finalcopy\sample\sample.cpp(1240): warning C4305: 'argument': truncation from 'double' to 'float'
c:\users\omiz\desktop\finalfinal4\hw4finalcopy\sample\sample.cpp(1247): warning C4305: 'argument': truncation from 'double' to 'float'
c:\users\omiz\desktop\finalfinal4\hw4finalcopy\sample\sample.cpp(1248): warning C4305: 'argument': truncation from 'double' to 'float'
c:\users\omiz\desktop\finalfinal4\hw4finalcopy\sample\sample.cpp(1255): warning C4305: 'argument': truncation from 'double' to 'float'
c:\users\omiz\desktop\finalfinal4\hw4finalcopy\sample\sample.cpp(1256): warning C4305: 'argument': truncation from 'double' to 'float'
c:\users\omiz\desktop\finalfinal4\hw4finalcopy\sample\sample.cpp(1262): warning C4305: 'argument': truncation from 'double' to 'float'
c:\users\omiz\desktop\finalfinal4\hw4finalcopy\sample\sample.cpp(1263): warning C4305: 'argument': truncation from 'double' to 'float'
c:\users\omiz\desktop\finalfinal4\hw4finalcopy\sample\sample.cpp(1271): warning C4244: 'argument': conversion from 'double' to 'GLfloat', possible loss of data
c:\users\omiz\desktop\finalfinal4\hw4finalcopy\sample\sample.cpp(1273): warning C4305: 'argument': truncation from 'double' to 'float'
c:\users\omiz\desktop\finalfinal4\hw4finalcopy\sample\sample.cpp(1279): warning C4244: 'argument': conversion from 'double' to 'GLfloat', possible loss of data
c:\users\omiz\desktop\finalfinal4\hw4finalcopy\sample\sample.cpp(1281): warning C4305: 'argument': truncation from 'double' to 'float'
c:\users\omiz\desktop\finalfinal4\hw4finalcopy\sample\sample.cpp(1286): warning C4244: 'argument': conversion from 'double' to 'GLfloat', possible loss of data
c:\users\omiz\desktop\finalfinal4\hw4finalcopy\sample\sample.cpp(1288): warning C4305: 'argument': truncation from 'double' to 'float'
c:\users\omiz\desktop\finalfinal4\hw4finalcopy\sample\sample.cpp(1294): warning C4244: 'argument': conversion from 'double' to 'GLfloat', possible loss of data
c:\users\omiz\desktop\finalfinal4\hw4finalcopy\sample\sample.cpp(1295): warning C4244: 'argument': conversion from 'int' to 'GLfloat', possible loss of data
c:\users\omiz\desktop\finalfinal4\hw4finalcopy\sample\sample.cpp(1303): warning C4244: 'argument': conversion from 'double' to 'GLfloat', possible loss of data
c:\users\omiz\desktop\finalfinal4\hw4finalcopy\sample\sample.cpp(1304): warning C4244: 'argument': conversion from 'int' to 'GLfloat', possible loss of data
c:\users\omiz\desktop\finalfinal4\hw4finalcopy\sample\sample.cpp(1310): warning C4244: 'argument': conversion from 'double' to 'GLfloat', possible loss of data
c:\users\omiz\desktop\finalfinal4\hw4finalcopy\sample\sample.cpp(1312): warning C4305: 'argument': truncation from 'double' to 'float'
c:\users\omiz\desktop\finalfinal4\hw4finalcopy\sample\sample.cpp(1351): warning C4244: 'argument': conversion from 'double' to 'GLfloat', possible loss of data
c:\users\omiz\desktop\finalfinal4\hw4finalcopy\sample\sample.cpp(1367): warning C4244: 'argument': conversion from 'double' to 'GLfloat', possible loss of data
c:\users\omiz\desktop\finalfinal4\hw4finalcopy\sample\sample.cpp(1370): warning C4244: 'argument': conversion from 'int' to 'GLfloat', possible loss of data
c:\users\omiz\desktop\finalfinal4\hw4finalcopy\sample\sample.cpp(1385): warning C4244: 'argument': conversion from 'double' to 'float', possible loss of data
c:\users\omiz\desktop\finalfinal4\hw4finalcopy\sample\sample.cpp(1814): warning C4101: 'texture1': unreferenced local variable
c:\users\omiz\desktop\finalfinal4\hw4finalcopy\sample\sample.cpp(1846): warning C4101: 'texture2': unreferenced local variable
c:\users\omiz\desktop\finalfinal4\hw4finalcopy\sample\sample.cpp(2258): warning C4244: 'initializing': conversion from 'double' to 'float', possible loss of data
  Sample.vcxproj -> C:\Users\OmiZ\Desktop\finalfinal4\hw4finalcopy\Sample\Debug\Sample.exe
  Sample.vcxproj -> C:\Users\OmiZ\Desktop\finalfinal4\hw4finalcopy\Sample\Debug\Sample.pdb (Full PDB)
