C:\USERS\ABDULLA AL BALOUSHI\DESKTOP\PROJECT5\SAMPLEFREEGLUT\DEBUG\SPHERE.OBJ
C:\USERS\ABDULLA AL BALOUSHI\DESKTOP\PROJECT5\SAMPLEFREEGLUT\DEBUG\SAMPLE.OBJ
C:\USERS\ABDULLA AL BALOUSHI\DESKTOP\PROJECT5\SAMPLEFREEGLUT\DEBUG\PATTERN.OBJ
C:\USERS\ABDULLA AL BALOUSHI\DESKTOP\PROJECT5\SAMPLEFREEGLUT\DEBUG\GLSLPROGRAM.OBJ
C:\USERS\ABDULLA AL BALOUSHI\DESKTOP\PROJECT5\SAMPLEFREEGLUT\DEBUG\VC110.PDB
C:\USERS\ABDULLA AL BALOUSHI\DESKTOP\PROJECT5\SAMPLEFREEGLUT\DEBUG\SAMPLE.EXE
C:\USERS\ABDULLA AL BALOUSHI\DESKTOP\PROJECT5\SAMPLEFREEGLUT\DEBUG\SAMPLE.PDB
C:\Users\Abdulla Al Baloushi\Desktop\Project5\SampleFreeGlut\Debug\glslprogram.obj
C:\Users\Abdulla Al Baloushi\Desktop\Project5\SampleFreeGlut\Debug\pattern.obj
C:\Users\Abdulla Al Baloushi\Desktop\Project5\SampleFreeGlut\Debug\sample.obj
C:\Users\Abdulla Al Baloushi\Desktop\Project5\SampleFreeGlut\Debug\sphere.obj
C:\Users\Abdulla Al Baloushi\Desktop\Project5\SampleFreeGlut\Debug\cl.command.1.tlog
C:\Users\Abdulla Al Baloushi\Desktop\Project5\SampleFreeGlut\Debug\CL.read.1.tlog
C:\Users\Abdulla Al Baloushi\Desktop\Project5\SampleFreeGlut\Debug\CL.write.1.tlog
C:\Users\Abdulla Al Baloushi\Desktop\Project5\SampleFreeGlut\Debug\link-cvtres.read.1.tlog
C:\Users\Abdulla Al Baloushi\Desktop\Project5\SampleFreeGlut\Debug\link-cvtres.write.1.tlog
C:\Users\Abdulla Al Baloushi\Desktop\Project5\SampleFreeGlut\Debug\link-rc.read.1.tlog
C:\Users\Abdulla Al Baloushi\Desktop\Project5\SampleFreeGlut\Debug\link-rc.write.1.tlog
C:\Users\Abdulla Al Baloushi\Desktop\Project5\SampleFreeGlut\Debug\link.command.1.tlog
C:\Users\Abdulla Al Baloushi\Desktop\Project5\SampleFreeGlut\Debug\link.read.1.tlog
C:\Users\Abdulla Al Baloushi\Desktop\Project5\SampleFreeGlut\Debug\link.write.1.tlog
C:\Users\Abdulla Al Baloushi\Desktop\Project5\SampleFreeGlut\Debug\vc110.idb
C:\Users\Abdulla Al Baloushi\Desktop\Project5\SampleFreeGlut\Debug\Sample.pdb
C:\Users\Abdulla Al Baloushi\Desktop\Project5\SampleFreeGlut\Debug\vc110.pdb
C:\Users\Abdulla Al Baloushi\Desktop\Project5\SampleFreeGlut\.\Debug\Sample.exe
